C51 COMPILER V9.01   DELAY                                                                 11/25/2020 00:21:50 PAGE 1   


C51 COMPILER V9.01, COMPILATION OF MODULE DELAY
OBJECT MODULE PLACED IN .\Delay.obj
COMPILER INVOKED BY: C:\Keil\C51\BIN\C51.EXE ..\LibTT\Delay.c BROWSE DEBUG OBJECTEXTEND PRINT(.\Delay.lst) OBJECT(.\Dela
                    -y.obj)

line level    source

   1          #include <REGX52.H>
   2          
   3          #include"delay.h"
   4          #include"main.h"
   5          
   6          
   7          #if (FREQ_OSC == 12000000)
   8                  void delay( unsigned int t)
   9                  {
  10   1                      unsigned int x, y;
  11   1                      for(x=0;x<t;x++)
  12   1                      {
  13   2                              for(y=0;y<123;y++);
  14   2                      }
  15   1              }
  16          #elif (FREQ_OSC == 11059200)
                      void delay( unsigned int t)
                         {
                              unsigned int x, y;
                              for(x=0;x<t;x++)
                              {
                                      for(y=0;y<113;y++);
                              }
                      }
              
              #elif (FREQ_OSC == 800000)
                      void delay( unsigned int t)
                        {
                              unsigned int x, y;
                              for(x=0;x<t;x++)
                              {
                                      for(y=0;y<218;y++);
                              }
                      }
              #else
                      #error "Khong co ham delay nao tuong ung"
              #endif                                                                                                  


MODULE INFORMATION:   STATIC OVERLAYABLE
   CODE SIZE        =     32    ----
   CONSTANT SIZE    =   ----    ----
   XDATA SIZE       =   ----    ----
   PDATA SIZE       =   ----    ----
   DATA SIZE        =   ----    ----
   IDATA SIZE       =   ----    ----
   BIT SIZE         =   ----    ----
END OF MODULE INFORMATION.


C51 COMPILATION COMPLETE.  0 WARNING(S),  0 ERROR(S)
