C51 COMPILER V9.01   I2C                                                                   11/19/2020 09:37:02 PAGE 1   


C51 COMPILER V9.01, COMPILATION OF MODULE I2C
OBJECT MODULE PLACED IN .\I2C.obj
COMPILER INVOKED BY: C:\Keil\C51\BIN\C51.EXE ..\LibTT\I2C.c BROWSE DEBUG OBJECTEXTEND PRINT(.\I2C.lst) OBJECT(.\I2C.obj)

line level    source

   1          #include"main.h"
   2          #include"port.h"
   3          #include"I2c.h"
   4          #include "..\libTT\delay.h"
   5          
   6          bit I2c_Get_Ack();
   7          void I2c_Ack();
   8          void I2c_Nak();
   9          
  10          void I2c_Init()
  11          {
  12   1              I2C_SCL=1;
*** ERROR C202 IN LINE 12 OF ..\LIBTT\I2C.C: 'I2C_SCL': undefined identifier
  13   1              I2C_SDA=1;
*** ERROR C202 IN LINE 13 OF ..\LIBTT\I2C.C: 'I2C_SDA': undefined identifier
  14   1      }
  15          
  16          void I2c_Start()
  17          {
  18   1              I2C_SCL = 1;     
*** ERROR C202 IN LINE 18 OF ..\LIBTT\I2C.C: 'I2C_SCL': undefined identifier
  19   1              I2C_SDA = 1;     
*** ERROR C202 IN LINE 19 OF ..\LIBTT\I2C.C: 'I2C_SDA': undefined identifier
  20   1              I2C_SDA = 0; 
*** ERROR C202 IN LINE 20 OF ..\LIBTT\I2C.C: 'I2C_SDA': undefined identifier
  21   1              I2C_SCL = 0;            
*** ERROR C202 IN LINE 21 OF ..\LIBTT\I2C.C: 'I2C_SCL': undefined identifier
  22   1      }
  23          
  24          
  25          void I2c_Write(unsigned char dat)
  26          {
  27   1              unsigned char i;
  28   1      
  29   1              for(i=0;i<8;i++)                   
  30   1              {
  31   2                      I2C_SDA = dat & 0x80;    
*** ERROR C202 IN LINE 31 OF ..\LIBTT\I2C.C: 'I2C_SDA': undefined identifier
  32   2                      
  33   2                      I2C_SCL = 1;
*** ERROR C202 IN LINE 33 OF ..\LIBTT\I2C.C: 'I2C_SCL': undefined identifier
  34   2                      
  35   2                      I2C_SCL = 0;                   
*** ERROR C202 IN LINE 35 OF ..\LIBTT\I2C.C: 'I2C_SCL': undefined identifier
  36   2                      dat = dat<<1;
  37   2              }                          
  38   1              I2C_SCL = 1;
*** ERROR C202 IN LINE 38 OF ..\LIBTT\I2C.C: 'I2C_SCL': undefined identifier
  39   1              I2C_SCL = 0;
*** ERROR C202 IN LINE 39 OF ..\LIBTT\I2C.C: 'I2C_SCL': undefined identifier
  40   1      }
  41          
  42          void I2c_Ack()
  43          {
  44   1              I2C_SDA = 0;        
C51 COMPILER V9.01   I2C                                                                   11/19/2020 09:37:02 PAGE 2   

*** ERROR C202 IN LINE 44 OF ..\LIBTT\I2C.C: 'I2C_SDA': undefined identifier
  45   1              
  46   1              I2C_SCL = 1;
*** ERROR C202 IN LINE 46 OF ..\LIBTT\I2C.C: 'I2C_SCL': undefined identifier
  47   1              
  48   1              I2C_SCL = 0;    
*** ERROR C202 IN LINE 48 OF ..\LIBTT\I2C.C: 'I2C_SCL': undefined identifier
  49   1              I2C_SDA = 1;      
*** ERROR C202 IN LINE 49 OF ..\LIBTT\I2C.C: 'I2C_SDA': undefined identifier
  50   1      }
  51          
  52          void I2c_Nak()
  53          {
  54   1              I2C_SDA = 1;         
*** ERROR C202 IN LINE 54 OF ..\LIBTT\I2C.C: 'I2C_SDA': undefined identifier
  55   1              
  56   1              I2C_SCL = 1;
*** ERROR C202 IN LINE 56 OF ..\LIBTT\I2C.C: 'I2C_SCL': undefined identifier
  57   1              
  58   1              I2C_SCL = 0; 
*** ERROR C202 IN LINE 58 OF ..\LIBTT\I2C.C: 'I2C_SCL': undefined identifier
  59   1              I2C_SCL = 1;         
*** ERROR C202 IN LINE 59 OF ..\LIBTT\I2C.C: 'I2C_SCL': undefined identifier
  60   1      }
  61          
  62          unsigned char I2c_Read()
  63          {
  64   1              int i, dat=0x00;
  65   1      
  66   1              I2C_SDA=1;               
*** ERROR C202 IN LINE 66 OF ..\LIBTT\I2C.C: 'I2C_SDA': undefined identifier
  67   1              for(i=0;i<8;i++)     
  68   1              {
  69   2                      
  70   2                      I2C_SCL = 1;       
*** ERROR C202 IN LINE 70 OF ..\LIBTT\I2C.C: 'I2C_SCL': undefined identifier
  71   2                      
  72   2      
  73   2                      dat = dat<<1;    
  74   2                      dat = dat | I2C_SDA;  
*** ERROR C202 IN LINE 74 OF ..\LIBTT\I2C.C: 'I2C_SDA': undefined identifier
  75   2      
  76   2                      I2C_SCL = 0;         
*** ERROR C202 IN LINE 76 OF ..\LIBTT\I2C.C: 'I2C_SCL': undefined identifier
  77   2              }
  78   1              return dat;          
  79   1      }
  80          
  81          void I2c_Stop()
  82          {       
  83   1              I2C_SCL = 1;         
*** ERROR C202 IN LINE 83 OF ..\LIBTT\I2C.C: 'I2C_SCL': undefined identifier
  84   1              
  85   1              I2C_SDA = 0;        
*** ERROR C202 IN LINE 85 OF ..\LIBTT\I2C.C: 'I2C_SDA': undefined identifier
  86   1              
  87   1              I2C_SCL = 1;         
*** ERROR C202 IN LINE 87 OF ..\LIBTT\I2C.C: 'I2C_SCL': undefined identifier
  88   1              
  89   1              I2C_SDA = 1;          
*** ERROR C202 IN LINE 89 OF ..\LIBTT\I2C.C: 'I2C_SDA': undefined identifier
  90   1      }
C51 COMPILER V9.01   I2C                                                                   11/19/2020 09:37:02 PAGE 3   


C51 COMPILATION COMPLETE.  0 WARNING(S),  27 ERROR(S)
