C51 COMPILER V9.01   LCD8                                                                  11/25/2020 00:21:50 PAGE 1   


C51 COMPILER V9.01, COMPILATION OF MODULE LCD8
OBJECT MODULE PLACED IN .\LCD8.obj
COMPILER INVOKED BY: C:\Keil\C51\BIN\C51.EXE ..\LibTT\LCD8.c BROWSE DEBUG OBJECTEXTEND PRINT(.\LCD8.lst) OBJECT(.\LCD8.o
                    -bj)

line level    source

   1          #include <REGX52.H>
   2          
   3          #include "port.h"
   4          #include"..\libTT\delay.h"
   5          #include"..\libTT\LCD8.h"
   6          
   7          unsigned char swap_Byte(unsigned char b)
   8          {
   9   1              b = (b&0xF0) >> 4 | (b&0x0F) << 4;
  10   1              b = (b&0xCC) >> 2 | (b&0x33) << 2;
  11   1              b = (b&0xAA) >> 1 | (b&0x55) << 1;
  12   1              return b;
  13   1      }
  14          
  15          void Lcd_Cmd(unsigned char cmd)
  16          {
  17   1              LCD_RS = 0;
  18   1              LCD_DATA = swap_Byte(cmd);
  19   1              LCD_EN = 0;
  20   1              LCD_EN = 1;
  21   1      
  22   1              if(cmd<=0x02)
  23   1              {
  24   2                      delay(2);
  25   2              }
  26   1              else
  27   1              {
  28   2                      delay(1);
  29   2              }
  30   1      }
  31          
  32          void Lcd_Chr_Cp(char c)         // Current Position
  33          {
  34   1              LCD_RS = 1;
  35   1              LCD_DATA = swap_Byte(c);
  36   1              LCD_EN = 0;
  37   1              LCD_EN = 1;
  38   1              delay(1);
  39   1      }
  40          
  41          // Xuat ra man hinh LCD 1 ky tu, ngay tai vi tri dong row, cot col
  42          void Lcd_Chr(unsigned char row, unsigned char col, char c)
  43          {
  44   1              unsigned char cmd;
  45   1      
  46   1              // Di chuyen co tro den vi tri can thiet
  47   1              cmd = (row==1?0x80:0xC0) + col - 1;
  48   1              Lcd_Cmd(cmd);
  49   1      
  50   1              // Xuat ky tu
  51   1              Lcd_Chr_Cp(c);
  52   1      }       
  53          
  54          void Lcd_Out_Cp(char *str)
C51 COMPILER V9.01   LCD8                                                                  11/25/2020 00:21:50 PAGE 2   

  55          {
  56   1              unsigned char i = 0;
  57   1              while(str[i]!=0)
  58   1              {
  59   2                      Lcd_Chr_Cp(str[i]);
  60   2                      i++;
  61   2              }
  62   1      }
  63          
  64          void Lcd_Out(unsigned char row, unsigned char col, char *str)
  65          {
  66   1              unsigned char cmd;
  67   1      
  68   1              // Di chuyen co tro den vi tri can thiet
  69   1              cmd = (row==1?0x80:0xC0) + col - 1;
  70   1              Lcd_Cmd(cmd);
  71   1      
  72   1              Lcd_Out_Cp(str);
  73   1      }
  74          
  75          void Lcd_Init()
  76          {
  77   1              Lcd_Cmd(0x30);
  78   1              delay(5);
  79   1              Lcd_Cmd(0x30);
  80   1              delay(1);
  81   1              Lcd_Cmd(0x30);
  82   1      
  83   1              Lcd_Cmd(0x38);          // So dong hien thi la 2, font 5x8
  84   1      
  85   1              Lcd_Cmd(0x01);          // Xoa noi dung hien thi
  86   1              Lcd_Cmd(0x0C);          // Bat hien thi va tat con tro
  87   1      }


MODULE INFORMATION:   STATIC OVERLAYABLE
   CODE SIZE        =    226    ----
   CONSTANT SIZE    =   ----    ----
   XDATA SIZE       =   ----    ----
   PDATA SIZE       =   ----    ----
   DATA SIZE        =   ----       8
   IDATA SIZE       =   ----    ----
   BIT SIZE         =   ----    ----
END OF MODULE INFORMATION.


C51 COMPILATION COMPLETE.  0 WARNING(S),  0 ERROR(S)
