C51 COMPILER V9.01   MAIN                                                                  11/25/2020 00:23:17 PAGE 1   


C51 COMPILER V9.01, COMPILATION OF MODULE MAIN
OBJECT MODULE PLACED IN main.OBJ
COMPILER INVOKED BY: C:\Keil\C51\BIN\C51.EXE main.c BROWSE DEBUG OBJECTEXTEND

line level    source

   1          #include <REGX52.H>
   2          #include<stdio.h>
   3          #include<string.h>
   4          #include <stdlib.h>
   5          #include "../libTT/LCD8.h"
   6          #include "../libTT/delay.h"
   7          #include "port.h"
   8          
   9          
  10          
  11          unsigned int mode=0;
  12          int I_RH,D_RH,I_Temp,D_Temp,CheckSum;
  13          int i=0;
  14          
  15          
  16          void timer_delay20ms()          /* Timer0 delay function */
  17          {
  18   1              TMOD = 0x01;
  19   1              TH0 = 0xB8;             /* Load higher 8-bit in TH0 */
  20   1              TL0 = 0x0C;             /* Load lower 8-bit in TL0 */
  21   1              TR0 = 1;                /* Start timer0 */
  22   1              while(TF0 == 0);        /* Wait until timer0 flag set */
  23   1              TR0 = 0;                /* Stop timer0 */
  24   1              TF0 = 0;                /* Clear timer0 flag */
  25   1      }
  26          
  27          void timer_delay30us()          /* Timer0 delay function */
  28          {
  29   1              TMOD = 0x01;            /* Timer0 mode1 (16-bit timer mode) */
  30   1              TH0 = 0xFF;             /* Load higher 8-bit in TH0 */
  31   1              TL0 = 0xF1;             /* Load lower 8-bit in TL0 */
  32   1              TR0 = 1;                /* Start timer0 */
  33   1              while(TF0 == 0);        /* Wait until timer0 flag set */
  34   1              TR0 = 0;                /* Stop timer0 */
  35   1              TF0 = 0;                /* Clear timer0 flag */
  36   1      }
  37          
  38          void Request()                  /* Microcontroller send request */
  39          {
  40   1              DHT11 = 0;              /* set to low pin */
  41   1              timer_delay20ms();      /* wait for 20ms */
  42   1              DHT11 = 1;              /* set to high pin */
  43   1      }
  44          
  45          void Response()                 /* Receive response from DHT11 */
  46          {
  47   1              while(DHT11==1);
  48   1              while(DHT11==0);
  49   1              while(DHT11==1);
  50   1      }
  51          
  52          int Receive_data()              /* Receive data */
  53          {
  54   1              int q,c=0;      
  55   1              for (q=0; q<8; q++)
C51 COMPILER V9.01   MAIN                                                                  11/25/2020 00:23:17 PAGE 2   

  56   1              {
  57   2                      while(DHT11==0);/* check received bit 0 or 1 */
  58   2                      timer_delay30us();
  59   2                      if(DHT11 == 1)  /* If high pulse is greater than 30ms */
  60   2                      c = (c<<1)|(0x01);/* Then its logic HIGH */
  61   2                      else            /* otherwise its logic LOW */
  62   2                      c = (c<<1);
  63   2                      while(DHT11==1);
  64   2              }
  65   1              return c;
  66   1      }
  67          
  68          void main()
  69          {       unsigned char dat[20];
  70   1              Lcd_Init();             /* initialize LCD */;
  71   1      //      Lcd_Out (1,1,"Devzone");
  72   1              while(1)
  73   1              {                       
  74   2                      Request();      /* send start pulse */
  75   2                      Response();     /* receive response */
  76   2                                      
  77   2                      I_RH=Receive_data();    /* store first eight bit in I_RH */
  78   2                      D_RH=Receive_data();    /* X`store next eight bit in D_RH */
  79   2                      I_Temp=Receive_data();  /* store next eight bit in I_Temp */
  80   2                      D_Temp=Receive_data();  /* store next eight bit in D_Temp */
  81   2                      CheckSum=Receive_data();/* store next eight bit in CheckSum */
  82   2      
  83   2                      if ((I_RH + D_RH + I_Temp + D_Temp) != CheckSum)
  84   2                      {
  85   3                              Lcd_Out(1,1,"Error");
  86   3                      }        
  87   2                      
  88   2                      else
  89   2                      {
  90   3                              sprintf(dat,"Hum = %d.%d",I_RH,D_RH);
  91   3                              Lcd_Out(1,1,dat);
  92   3                              sprintf(dat,"Tem = %d.%d",I_Temp,D_Temp);   
  93   3                              Lcd_Out(2,1,dat);
  94   3                              Lcd_Chr_Cp(0xDF);       
  95   3                              memset(dat,0,20);
  96   3                              sprintf(dat,"%d   ",CheckSum);
  97   3                              Lcd_Out(1,13,dat);
  98   3                      //      delay(100);   
  99   3                      }               
 100   2                      delay(100);
 101   2              }       
 102   1      }


MODULE INFORMATION:   STATIC OVERLAYABLE
   CODE SIZE        =    342    ----
   CONSTANT SIZE    =     36    ----
   XDATA SIZE       =   ----    ----
   PDATA SIZE       =   ----    ----
   DATA SIZE        =     14      20
   IDATA SIZE       =   ----    ----
   BIT SIZE         =   ----    ----
END OF MODULE INFORMATION.


C51 COMPILATION COMPLETE.  0 WARNING(S),  0 ERROR(S)
