C51 COMPILER V9.52.0.0   DELAY                                                             09/04/2020 22:49:04 PAGE 1   


C51 COMPILER V9.52.0.0, COMPILATION OF MODULE DELAY
OBJECT MODULE PLACED IN .\Delay.obj
COMPILER INVOKED BY: C:\Keil\C51\BIN\C51.EXE ..\LibTT\Delay.c BROWSE DEBUG OBJECTEXTEND PRINT(.\Delay.lst) TABS(2) OBJEC
                    -T(.\Delay.obj)

line level    source

   1          #include <REGX52.H>
   2          #include"delay.h"
   3          #include"main.h"
   4          
   5          
   6            void delay( unsigned int t)
   7            {
   8   1          unsigned int x, y;
   9   1          for(x=0;x<t;x++)
  10   1          {
  11   2            for(y=0;y<123;y++);
  12   2          }
  13   1        }
  14          
  15                                  


MODULE INFORMATION:   STATIC OVERLAYABLE
   CODE SIZE        =     32    ----
   CONSTANT SIZE    =   ----    ----
   XDATA SIZE       =   ----    ----
   PDATA SIZE       =   ----    ----
   DATA SIZE        =   ----    ----
   IDATA SIZE       =   ----    ----
   BIT SIZE         =   ----    ----
END OF MODULE INFORMATION.


C51 COMPILATION COMPLETE.  0 WARNING(S),  0 ERROR(S)
