C51 COMPILER V9.52.0.0   DHT11                                                             08/14/2020 13:34:29 PAGE 1   


C51 COMPILER V9.52.0.0, COMPILATION OF MODULE DHT11
OBJECT MODULE PLACED IN .\DHT11.obj
COMPILER INVOKED BY: C:\Keil\C51\BIN\C51.EXE ..\LibTT\DHT11.c BROWSE DEBUG OBJECTEXTEND PRINT(.\DHT11.lst) TABS(2) OBJEC
                    -T(.\DHT11.obj)

line level    source

   1          #include <REGX52.H>
   2          #include "port.h"
   3          #include "../libTT/DHT11.h"
   4          
   5          void delay20ms()    //delay 20ms
   6          {
   7   1        TMOD = 0x01;    
   8   1        TH0 = 0xB8;       
   9   1        TL0 = 0x0C;       
  10   1        TR0 = 1;        
  11   1        while(TF0 == 0);      
  12   1        TR0 = 0;        
  13   1        TF0 = 0;      
  14   1      }
  15          void delay30us()  // delay 30us
  16          {
  17   1        TMOD = 0x01;      
  18   1        TH0 = 0xFF;     
  19   1        TL0 = 0xF1;       
  20   1        TR0 = 1;      
  21   1        while(TF0 == 0);     
  22   1        TR0 = 0;      
  23   1        TF0 = 0;        
  24   1      }
  25          
  26          void Request()    // Gui tin hieu yeu cau DHT11 doc gia tri do am nhit do
  27          {
  28   1        DHT11 = 0;  
*** ERROR C202 IN LINE 28 OF ..\LibTT\DHT11.c: 'DHT11': undefined identifier
  29   1        delay20ms();  
  30   1        DHT11 = 1;    
*** ERROR C202 IN LINE 30 OF ..\LibTT\DHT11.c: 'DHT11': undefined identifier
  31   1      }
  32          
  33          void Response()   // Doi DHT11 phan hoi
  34          {
  35   1        while(DHT11==1);
*** ERROR C202 IN LINE 35 OF ..\LibTT\DHT11.c: 'DHT11': undefined identifier
  36   1        while(DHT11==0);
*** ERROR C202 IN LINE 36 OF ..\LibTT\DHT11.c: 'DHT11': undefined identifier
  37   1        while(DHT11==1);
*** ERROR C202 IN LINE 37 OF ..\LibTT\DHT11.c: 'DHT11': undefined identifier
  38   1      }
  39          
  40          int Receive_data()  //  Nhan du lieu tu DHT11
  41          {
  42   1        int q,c=0;  
  43   1        for (q=0; q<8; q++)
  44   1        {
  45   2          while(DHT11==0);
*** ERROR C202 IN LINE 45 OF ..\LibTT\DHT11.c: 'DHT11': undefined identifier
  46   2          delay30us();;
  47   2          if(DHT11 == 1)  
*** ERROR C202 IN LINE 47 OF ..\LibTT\DHT11.c: 'DHT11': undefined identifier
C51 COMPILER V9.52.0.0   DHT11                                                             08/14/2020 13:34:29 PAGE 2   

  48   2          c = (c<<1)|(0x01);
  49   2          else  
  50   2          c = (c<<1);
  51   2          while(DHT11==1);
*** ERROR C202 IN LINE 51 OF ..\LibTT\DHT11.c: 'DHT11': undefined identifier
  52   2        }
  53   1        return c;
  54   1      }

C51 COMPILATION COMPLETE.  0 WARNING(S),  8 ERROR(S)
