C51 COMPILER V9.52.0.0   MAIN                                                              09/04/2020 22:49:04 PAGE 1   


C51 COMPILER V9.52.0.0, COMPILATION OF MODULE MAIN
OBJECT MODULE PLACED IN main.OBJ
COMPILER INVOKED BY: C:\Keil\C51\BIN\C51.EXE main.c BROWSE DEBUG OBJECTEXTEND TABS(2)

line level    source

   1          #include <REGX52.H>
   2          #include "stdio.h"
   3          #include "..\libTT\I2C.h"
   4          #include "..\libTT\delay.h"
   5          #include "..\libTT\RTC_DS3231.h"
   6          #include "..\libTT\LCD8.h"
   7          #include"port.h"
   8          
   9          unsigned char Hour, Minute, Second, Mode, Day, Date, Month, Year, old_second, gio, phut, giay;
  10            
  11          void Lcd_Time()
  12          {
  13   1        Lcd_Chr(1,2,Hour/10+0x30);
  14   1        Lcd_Chr_Cp(Hour%10+0x30);
  15   1        Lcd_Chr_Cp(':');
  16   1        Lcd_Chr_Cp(Minute/10+0x30);
  17   1        Lcd_Chr_Cp(Minute%10+0x30);
  18   1        Lcd_Chr_Cp(':');
  19   1        Lcd_Chr_Cp(Second/10+0x30);
  20   1        Lcd_Chr_Cp(Second%10+0x30);
  21   1      }
  22          
  23          void Lcd_Day()
  24          {
  25   1        Lcd_Chr(2,2,Date/10+0x30);
  26   1        Lcd_Chr_Cp(Date%10+0x30);
  27   1        Lcd_Chr_Cp('/');
  28   1        Lcd_Chr_Cp(Month/10+0x30);
  29   1        Lcd_Chr_Cp(Month%10+0x30);
  30   1        Lcd_Out_Cp("/20");
  31   1        Lcd_Chr_Cp(Year/10+0x30);
  32   1        Lcd_Chr_Cp(Year%10+0x30);
  33   1      }
  34          
  35          void SetTime(mode)
  36          {
  37   1        if(UP == 0)
  38   1        {
  39   2          if(mode == 1) { gio++;if(gio>23)gio=0;}
  40   2          if(mode == 2) { phut++;if(phut>59)phut=0;}
  41   2          if(mode == 3) { giay=0;}
  42   2          Ds3231_Write_Time(gio,phut,giay,24,0);
  43   2        }
  44   1        if(DOWN == 0)
  45   1        {
  46   2          if(mode == 1) { gio--;if(gio<23)gio=23;}
  47   2          if(mode == 2) { phut--;if(phut<0)phut=59;}
  48   2          if(mode == 3) { giay=0;}
  49   2          Ds3231_Write_Time(gio,phut,giay,24,0);
  50   2        }
  51   1      }
  52          void main()
  53          {
  54   1      //  int mode=0;
  55   1        int i=0;
C51 COMPILER V9.52.0.0   MAIN                                                              09/04/2020 22:49:04 PAGE 2   

  56   1        Lcd_Init(); 
  57   1        I2c_Init();
  58   1        Ds3231_Init();
  59   1        Ds3231_Write_Time(20,42,0,24,0);
  60   1        Ds3231_Write_Date(2,30,8,20);
  61   1      
  62   1        while(1)
  63   1        {
  64   2          gio = Hour;
  65   2          phut = Minute;
  66   2          giay = Second;
  67   2          if(BUT == 0) {mode++;mode=mode%4;}
*** ERROR C202 IN LINE 67 OF main.c: 'mode': undefined identifier
*** ERROR C202 IN LINE 67 OF main.c: 'mode': undefined identifier
  68   2          if(mode == 1)
*** ERROR C202 IN LINE 68 OF main.c: 'mode': undefined identifier
  69   2          {
  70   3            for(;mode==1;)
*** ERROR C202 IN LINE 70 OF main.c: 'mode': undefined identifier
  71   3            {
  72   4              Ds3231_Read_Time(&Hour, &Minute, &Second, &Mode);
  73   4              if(BUT == 0) {mode++;mode=mode%4;}
*** ERROR C202 IN LINE 73 OF main.c: 'mode': undefined identifier
*** ERROR C202 IN LINE 73 OF main.c: 'mode': undefined identifier
  74   4              for(i=0;i<500;i++)
  75   4              {
  76   5                Lcd_Time();
  77   5                Lcd_Day();
  78   5                SetTime(1);
  79   5                delay(1);
  80   5              }
  81   4              for(i=0;i<500;i++)
  82   4              {
  83   5                Lcd_Out(1,8,"  ");
  84   5                SetTime(1);
  85   5                delay(1);
  86   5              }
  87   4            }
  88   3          }
  89   2          else if(mode == 2)
*** ERROR C202 IN LINE 89 OF main.c: 'mode': undefined identifier
  90   2          {
  91   3            for(;mode==2;)
*** ERROR C202 IN LINE 91 OF main.c: 'mode': undefined identifier
  92   3            {
  93   4              Ds3231_Read_Time(&Hour, &Minute, &Second, &Mode);
  94   4              if(BUT == 0) {mode++;mode=mode%4;}
*** ERROR C202 IN LINE 94 OF main.c: 'mode': undefined identifier
*** ERROR C202 IN LINE 94 OF main.c: 'mode': undefined identifier
  95   4      for(i=0;i<500;i++)
  96   4              {
  97   5                Lcd_Time();
  98   5                Lcd_Day();
  99   5                SetTime(1);
 100   5                delay(1);
 101   5              }
 102   4              for(i=0;i<500;i++)
 103   4              {
 104   5                Lcd_Out(1,5,"  ");
 105   5                SetTime(1);
 106   5                delay(1);
 107   5              }
C51 COMPILER V9.52.0.0   MAIN                                                              09/04/2020 22:49:04 PAGE 3   

 108   4            }
 109   3          }
 110   2          else if(mode == 3)
*** ERROR C202 IN LINE 110 OF main.c: 'mode': undefined identifier
 111   2          {
 112   3            for(;mode==3;)
*** ERROR C202 IN LINE 112 OF main.c: 'mode': undefined identifier
 113   3            {
 114   4              Ds3231_Read_Time(&Hour, &Minute, &Second, &Mode);
 115   4              if(BUT == 0) {mode++;mode=mode%4;}
*** ERROR C202 IN LINE 115 OF main.c: 'mode': undefined identifier
*** ERROR C202 IN LINE 115 OF main.c: 'mode': undefined identifier
 116   4              for(i=0;i<500;i++)
 117   4              {
 118   5                Lcd_Time();
 119   5                Lcd_Day();
 120   5                SetTime(1);
 121   5                delay(1);
 122   5              }
 123   4              for(i=0;i<500;i++)
 124   4              {
 125   5                Lcd_Out(1,2,"  ");
 126   5                SetTime(1);
 127   5                delay(1);
 128   5              }
 129   4            }
 130   3          }
 131   2          else
 132   2          { 
 133   3            Ds3231_Read_Time(&Hour, &Minute, &Second, &Mode);
 134   3            Ds3231_Read_Date(&Day, &Date, &Month, &Year);
 135   3            if(BUT == 0) {mode++;mode=mode%4;}          
*** ERROR C202 IN LINE 135 OF main.c: 'mode': undefined identifier
*** ERROR C202 IN LINE 135 OF main.c: 'mode': undefined identifier
 136   3            Lcd_Time();
 137   3            Lcd_Day();
 138   3          }
 139   2        }
 140   1      }

C51 COMPILATION COMPLETE.  0 WARNING(S),  16 ERROR(S)
