C51 COMPILER V9.52.0.0   MAIN                                                              08/29/2020 18:03:04 PAGE 1   


C51 COMPILER V9.52.0.0, COMPILATION OF MODULE MAIN
OBJECT MODULE PLACED IN main.OBJ
COMPILER INVOKED BY: C:\Keil\C51\BIN\C51.EXE main.c ROM(COMPACT) BROWSE DEBUG OBJECTEXTEND TABS(2)

line level    source

   1          #include "main.h"
   2          #include"..\libTT\delay.h"
   3          #include"..\libTT\LCD8.h"
   4          #include "port.h"
   5          
   6          
   7          void main()   
   8          {
   9   1        //LCD_EN = 1;
  10   1        Lcd_Init();
  11   1        Lcd_Out_Cp("DEvzONE2020");
  12   1        while(1)
  13   1        {
  14   2        }
  15   1      }       
  16                                                              
  17          
  18          // Khai bao ket noi LCD
  19          //#define LCD_DATA P3
  20          //#define LCD_RS P2_0
  21          //#define LCD_EN P2_1
  22          //
  23          //char customChar[] = {0x01,0x02,0x04,0x08,0x10,0x11,0x1F,0x00};              
  24          //
  25          //void main()
  26          //{
  27          //  // Khi su dung thi thong thuong xoa toan bo LCD di vi co the van luu lai noi dung cua chuong trinh cu
  28          //  Lcd_Cmd(0x01);
  29          //  //Khoi tao
  30          //  Lcd_Init();
  31          //  //Lcd_Chr_Cp('A');
  32          //
  33          //  write_CGRAM(customChar, 8);
  34          //  delay(4);
  35          //  Lcd_Cmd(0xC0);
  36          //  Lcd_Chr_Cp(0x00);
  37          //  Lcd_Chr_Cp(0x01);
  38          //  P1_6=0;
  39          //  P1_5=1;
  40          //  P2_5=0;
  41          //  while(1)
  42          //  {
  43          //  }
  44          //
  45          //}
  46          //
  47          //  // Khi su dung thi thong thuong xoa toan bo LCD di vi co the van luu lai noi dung cua chuong trinh cu
  48          //  Lcd_Cmd(0x01);
  49          //  //Khoi tao
  50          //  Lcd_Init();
  51          //  //Bat hien thi va bat con tro
  52          //  //Lcd_Cmd(0x0E); 
  53          //
  54          //  //Bat hien thi va tat con tro
  55          //  //Lcd_Cmd(0x0C); 
C51 COMPILER V9.52.0.0   MAIN                                                              08/29/2020 18:03:04 PAGE 2   

  56          //
  57          //  //Hien thi ki tu len man hinh
  58          //  Lcd_Chr_Cp('A');
  59          //
  60          //  //In chuoi ki tu len man hinh
  61          //  //Lcd_Out_Cp("Hello World");
  62          //
  63          //  //Dich chuyen den dong 2
  64          //  Lcd_Cmd(0xC0);
  65          //  Lcd_Out_Cp("Dong 2");
  66          //
  67          //  //Di chuyen con tro den dong 1, cot 5 va hien thi
  68          //  //Lcd_Chr(5,1,'A');
  69          //  //Lcd_Out(5,2,"Hello World");


MODULE INFORMATION:   STATIC OVERLAYABLE
   CODE SIZE        =     14    ----
   CONSTANT SIZE    =     12    ----
   XDATA SIZE       =   ----    ----
   PDATA SIZE       =   ----    ----
   DATA SIZE        =   ----    ----
   IDATA SIZE       =   ----    ----
   BIT SIZE         =   ----    ----
END OF MODULE INFORMATION.


C51 COMPILATION COMPLETE.  0 WARNING(S),  0 ERROR(S)
