C51 COMPILER V9.52.0.0   PWM                                                               08/30/2020 14:55:42 PAGE 1   


C51 COMPILER V9.52.0.0, COMPILATION OF MODULE PWM
OBJECT MODULE PLACED IN .\PWM.obj
COMPILER INVOKED BY: C:\Keil\C51\BIN\C51.EXE ..\LibTT\PWM.c BROWSE DEBUG OBJECTEXTEND PRINT(.\PWM.lst) TABS(2) OBJECT(.\
                    -PWM.obj)

line level    source

   1          #include <REGX52.H>
   2          #include "PWM.h"
   3          #include "port.h"
   4          
   5          int T,Ton,Toff;
   6          char Ton_h_reload,Ton_l_reload,Toff_h_reload,Toff_l_reload; 
   7          
   8          void PWM_Init (int ck)  //Khoi tao voi khoang tgian cua 1 lan dem xung nhip
   9          {
  10   1        PWM_PIN = 1;
  11   1      
  12   1        TMOD &= 0xF0; //Xoa di cac bit chon mode cua Timer0
  13   1        TMOD |= 0x01; //Timer0 hoat dong o mode1
  14   1      
  15   1        ET0 = 1;    //Cho phep ngat Timer0
  16   1        EA = 1;     //Cho phep ngat toan cuc
  17   1      
  18   1        T = ck;
  19   1        Ton = T/2;
  20   1        Toff = T - Ton;
  21   1      
  22   1        Ton_h_reload = (65536 - Ton)>>8;
  23   1        Ton_l_reload = (65536 - Ton) &0x00FF;
  24   1      
  25   1        Toff_h_reload = (65536 - Toff)>>8;
  26   1        Toff_l_reload = (65536 - Toff) &0x00FF;
  27   1      
  28   1        TH0 = Ton_h_reload;
  29   1        TL0 = Ton_l_reload;
  30   1      }
  31          
  32          void PWM_Start ()
  33          {
  34   1        TR0 = 1;    //Timer0 bat dau dem
  35   1      }
  36          
  37          void PWM_End ()
  38          {
  39   1        TR0 = 0;    //Timer0 ngung dem
  40   1      }
  41          
  42          //duty; 0 den 100
  43          void PWM_Set_Duty (char duty) //%Ton va %Toff
  44          {
  45   1        if(duty == 0)
  46   1        {
  47   2          PWM_PIN = 0;
  48   2          ET0 = 0;
  49   2        }
  50   1        else if(duty == 100)
  51   1        {
  52   2          PWM_PIN = 1;
  53   2          ET0 = 0;
  54   2        }
C51 COMPILER V9.52.0.0   PWM                                                               08/30/2020 14:55:42 PAGE 2   

  55   1        else
  56   1        {
  57   2          Ton = ((unsigned long)T)*duty/100;
  58   2          Toff = T - Ton;
  59   2        
  60   2          Ton_h_reload = (65536 - Ton)>>8;
  61   2          Ton_l_reload = (65536 - Ton) &0x00FF;
  62   2        
  63   2          Toff_h_reload = (65536 - Toff)>>8;
  64   2          Toff_l_reload = (65536 - Toff) &0x00FF;
  65   2      
  66   2          ET0 = 1;
  67   2        }
  68   1      }
  69          
  70            void TimerOverflow() interrupt 1
  71            {
  72   1        PWM_PIN = !PWM_PIN;
  73   1        if(PWM_PIN == 0)
  74   1        {
  75   2          TH0 = Toff_h_reload;
  76   2          TL0 = Toff_l_reload;
  77   2        }
  78   1        else
  79   1        {
  80   2          TH0 = Ton_h_reload;
  81   2          TL0 = Ton_l_reload;
  82   2        }
  83   1      } 


MODULE INFORMATION:   STATIC OVERLAYABLE
   CODE SIZE        =    330    ----
   CONSTANT SIZE    =   ----    ----
   XDATA SIZE       =   ----    ----
   PDATA SIZE       =   ----    ----
   DATA SIZE        =     10       1
   IDATA SIZE       =   ----    ----
   BIT SIZE         =   ----    ----
END OF MODULE INFORMATION.


C51 COMPILATION COMPLETE.  0 WARNING(S),  0 ERROR(S)
